<?xml version="1.0" encoding="UTF-8"?>
<!-- Generated by org.testng.reporters.JUnitReportReporter -->
<testsuite hostname="KAD-I-024" name="testCases.MainTest2" tests="2" failures="0" timestamp="3 Jan 2019 13:54:06 GMT" time="1.671" errors="0">
  <testcase name="testtwo" time="0.014" classname="testCases.MainTest2"/>
  <testcase name="Login" time="1.657" classname="testCases.MainTest2"/>
</testsuite> <!-- testCases.MainTest2 -->
